10:51:52.064 INFO   - info
10:51:52.065 WARN   - warn
10:51:52.065 ERROR  - error
10:51:52.066 FATAL  - fatal
10:52:17.264 INFO   - info
10:52:17.266 WARN   - warn
10:52:17.266 ERROR  - error
10:52:17.266 FATAL  - fatal
10:53:00.121 INFO   - 输出info
10:53:00.122 WARN   - 输出warn
10:53:00.122 ERROR  - 输出error
10:53:00.122 FATAL  - 输出fatal
10:54:23.586 INFO  - 输出info
10:54:23.592 WARN  - 输出warn
10:54:23.592 ERROR  - 输出error
10:54:23.592 FATAL  - 输出fatal
10:55:03.021 INFO  - 输出info
10:55:03.023 WARN  - 输出warn
10:55:03.023 ERROR  - 输出error
10:55:03.023 FATAL  - 输出fatal
10:55:25.026 INFO  - 输出info
10:55:25.027 WARN  - 输出warn
10:55:25.027 ERROR  - 输出error
10:55:25.027 FATAL  - 输出fatal
10:55:51.122 INFO  - 输出info
10:55:51.123 WARN  - 输出warn
10:55:51.123 ERROR  - 输出error
10:55:51.123 FATAL  - 输出fatal
10:56:26.883 INFO  - 输出info
10:56:26.885 WARN  - 输出warn
10:56:26.885 ERROR  - 输出error
10:56:26.885 FATAL  - 输出fatal
10:56:41.858 INFO  - 输出info
10:56:41.861 WARN  - 输出warn
10:56:41.861 ERROR  - 输出error
10:56:41.861 FATAL  - 输出fatal
10:59:48.658 INFO  - 输出info
10:59:48.660 WARN  - 输出warn
10:59:48.660 ERROR  - 输出error
10:59:48.660 FATAL  - 输出fatal
11:00:11.131 INFO  - 输出info
11:00:11.133 WARN  - 输出warn
11:00:11.133 ERROR  - 输出error
11:00:11.133 FATAL  - 输出fatal
11:01:25.983 INFO  - 输出info
11:01:25.985 WARN  - 输出warn
11:01:25.985 ERROR  - 输出error
11:01:25.985 FATAL  - 输出fatal
11:02:54.303 INFO  - 输出info
11:02:54.304 WARN  - 输出warn
11:02:54.304 ERROR  - 输出error
11:02:54.304 FATAL  - 输出fatal
